<?xml version="1.0" encoding="UTF-8"?>
<Site BuildName="Darwin-c++"
	BuildStamp="20250216-1012-Experimental"
	Name="MacBook-Pro-Nikita.local"
	Generator="ctest-3.31.5"
	CompilerName="/Library/Developer/CommandLineTools/usr/bin/c++"
	CompilerVersion="16.0.0.16000026"
	OSName="macOS"
	Hostname="MacBook-Pro-Nikita.local"
	OSRelease="15.3"
	OSVersion="24D60"
	OSPlatform="arm64"
	Is64Bits="1"
	VendorString="Apple"
	VendorID="Apple"
	FamilyID="0"
	ModelID="0"
	ModelName="Apple M1 Pro"
	ProcessorCacheSize="131072"
	NumberOfLogicalCPU="10"
	NumberOfPhysicalCPU="10"
	TotalVirtualMemory="2048"
	TotalPhysicalMemory="16384"
	LogicalProcessorsPerPhysical="10"
	ProcessorClockFrequency="0"
	>
	<Testing>
		<StartDateTime>Feb 16 13:47 +03</StartDateTime>
		<StartTestTime>1739702843</StartTestTime>
		<TestList/>
		<EndDateTime>Feb 16 13:47 +03</EndDateTime>
		<EndTestTime>1739702843</EndTestTime>
		<ElapsedMinutes>0</ElapsedMinutes>
	</Testing>
</Site>
